{"C:\\Users\\main\\Documents\\Programming\\Work and Job Projects\\Job Application Projects\\Unnshelled_Lead_Assignment\\backend\\src\\app.js": {"path":"C:\\Users\\main\\Documents\\Programming\\Work and Job Projects\\Job Application Projects\\Unnshelled_Lead_Assignment\\backend\\src\\app.js","statementMap":{"0":{"start":{"line":5,"column":12},"end":{"line":5,"column":21}},"1":{"start":{"line":7,"column":0},"end":{"line":7,"column":24}},"2":{"start":{"line":8,"column":0},"end":{"line":8,"column":29}},"3":{"start":{"line":9,"column":0},"end":{"line":9,"column":34}},"4":{"start":{"line":11,"column":0},"end":{"line":11,"column":22}}},"fnMap":{},"branchMap":{},"s":{"0":2,"1":2,"2":2,"3":2,"4":2},"f":{},"b":{},"_coverageSchema":"1a1c01bbd47fc00a2c39e90264f33305004495a9","hash":"3950ee7437f69a5ecc0577cff3bfc1299bd40048"}
,"C:\\Users\\main\\Documents\\Programming\\Work and Job Projects\\Job Application Projects\\Unnshelled_Lead_Assignment\\backend\\src\\auth\\AuthException.js": {"path":"C:\\Users\\main\\Documents\\Programming\\Work and Job Projects\\Job Application Projects\\Unnshelled_Lead_Assignment\\backend\\src\\auth\\AuthException.js","statementMap":{"0":{"start":{"line":2,"column":15},"end":{"line":2,"column":49}},"1":{"start":{"line":3,"column":1},"end":{"line":3,"column":24}},"2":{"start":{"line":4,"column":1},"end":{"line":4,"column":13}}},"fnMap":{"0":{"name":"AuthException","decl":{"start":{"line":1,"column":24},"end":{"line":1,"column":37}},"loc":{"start":{"line":1,"column":40},"end":{"line":5,"column":1}},"line":1}},"branchMap":{},"s":{"0":2,"1":2,"2":2},"f":{"0":2},"b":{},"_coverageSchema":"1a1c01bbd47fc00a2c39e90264f33305004495a9","hash":"54db510663937536c5cc421aba4fc5119c28682d"}
,"C:\\Users\\main\\Documents\\Programming\\Work and Job Projects\\Job Application Projects\\Unnshelled_Lead_Assignment\\backend\\src\\auth\\AuthService.js": {"path":"C:\\Users\\main\\Documents\\Programming\\Work and Job Projects\\Job Application Projects\\Unnshelled_Lead_Assignment\\backend\\src\\auth\\AuthService.js","statementMap":{"0":{"start":{"line":2,"column":1},"end":{"line":4,"column":2}},"1":{"start":{"line":3,"column":2},"end":{"line":3,"column":48}},"2":{"start":{"line":5,"column":1},"end":{"line":7,"column":2}},"3":{"start":{"line":6,"column":2},"end":{"line":6,"column":15}},"4":{"start":{"line":8,"column":1},"end":{"line":8,"column":13}}},"fnMap":{"0":{"name":"checkPassword","decl":{"start":{"line":1,"column":16},"end":{"line":1,"column":29}},"loc":{"start":{"line":1,"column":61},"end":{"line":9,"column":1}},"line":1}},"branchMap":{"0":{"loc":{"start":{"line":2,"column":1},"end":{"line":4,"column":2}},"type":"if","locations":[{"start":{"line":2,"column":1},"end":{"line":4,"column":2}},{"start":{},"end":{}}],"line":2},"1":{"loc":{"start":{"line":2,"column":5},"end":{"line":2,"column":38}},"type":"binary-expr","locations":[{"start":{"line":2,"column":5},"end":{"line":2,"column":18}},{"start":{"line":2,"column":22},"end":{"line":2,"column":38}}],"line":2},"2":{"loc":{"start":{"line":5,"column":1},"end":{"line":7,"column":2}},"type":"if","locations":[{"start":{"line":5,"column":1},"end":{"line":7,"column":2}},{"start":{},"end":{}}],"line":5}},"s":{"0":5,"1":0,"2":5,"3":0,"4":5},"f":{"0":5},"b":{"0":[0,5],"1":[5,5],"2":[0,5]},"_coverageSchema":"1a1c01bbd47fc00a2c39e90264f33305004495a9","hash":"042fde11c5b4915b169c66d4a14bb3b115f64af3"}
,"C:\\Users\\main\\Documents\\Programming\\Work and Job Projects\\Job Application Projects\\Unnshelled_Lead_Assignment\\backend\\src\\middleware\\authentication.js": {"path":"C:\\Users\\main\\Documents\\Programming\\Work and Job Projects\\Job Application Projects\\Unnshelled_Lead_Assignment\\backend\\src\\middleware\\authentication.js","statementMap":{"0":{"start":{"line":6,"column":28},"end":{"line":33,"column":1}},"1":{"start":{"line":7,"column":23},"end":{"line":7,"column":48}},"2":{"start":{"line":8,"column":1},"end":{"line":32,"column":2}},"3":{"start":{"line":9,"column":2},"end":{"line":29,"column":3}},"4":{"start":{"line":10,"column":14},"end":{"line":10,"column":21}},"5":{"start":{"line":11,"column":19},"end":{"line":11,"column":43}},"6":{"start":{"line":12,"column":19},"end":{"line":12,"column":45}},"7":{"start":{"line":13,"column":19},"end":{"line":13,"column":67}},"8":{"start":{"line":14,"column":37},"end":{"line":14,"column":55}},"9":{"start":{"line":15,"column":18},"end":{"line":17,"column":5}},"10":{"start":{"line":18,"column":3},"end":{"line":20,"column":4}},"11":{"start":{"line":19,"column":4},"end":{"line":19,"column":28}},"12":{"start":{"line":21,"column":17},"end":{"line":21,"column":76}},"13":{"start":{"line":22,"column":3},"end":{"line":24,"column":4}},"14":{"start":{"line":23,"column":4},"end":{"line":23,"column":20}},"15":{"start":{"line":25,"column":3},"end":{"line":25,"column":28}},"16":{"start":{"line":26,"column":3},"end":{"line":26,"column":17}},"17":{"start":{"line":28,"column":3},"end":{"line":28,"column":19}},"18":{"start":{"line":31,"column":2},"end":{"line":31,"column":21}}},"fnMap":{"0":{"name":"(anonymous_0)","decl":{"start":{"line":6,"column":28},"end":{"line":6,"column":29}},"loc":{"start":{"line":6,"column":54},"end":{"line":33,"column":1}},"line":6}},"branchMap":{"0":{"loc":{"start":{"line":9,"column":2},"end":{"line":29,"column":3}},"type":"if","locations":[{"start":{"line":9,"column":2},"end":{"line":29,"column":3}},{"start":{"line":27,"column":9},"end":{"line":29,"column":3}}],"line":9},"1":{"loc":{"start":{"line":18,"column":3},"end":{"line":20,"column":4}},"type":"if","locations":[{"start":{"line":18,"column":3},"end":{"line":20,"column":4}},{"start":{},"end":{}}],"line":18},"2":{"loc":{"start":{"line":22,"column":3},"end":{"line":24,"column":4}},"type":"if","locations":[{"start":{"line":22,"column":3},"end":{"line":24,"column":4}},{"start":{},"end":{}}],"line":22}},"s":{"0":2,"1":8,"2":8,"3":8,"4":6,"5":6,"6":6,"7":6,"8":6,"9":6,"10":6,"11":1,"12":5,"13":5,"14":0,"15":5,"16":5,"17":2,"18":3},"f":{"0":8},"b":{"0":[6,2],"1":[1,5],"2":[0,5]},"_coverageSchema":"1a1c01bbd47fc00a2c39e90264f33305004495a9","hash":"002d2855b8edaa8f5176ad91a2097ded1cb76ed1"}
,"C:\\Users\\main\\Documents\\Programming\\Work and Job Projects\\Job Application Projects\\Unnshelled_Lead_Assignment\\backend\\src\\middleware\\errorHandler.js": {"path":"C:\\Users\\main\\Documents\\Programming\\Work and Job Projects\\Job Application Projects\\Unnshelled_Lead_Assignment\\backend\\src\\middleware\\errorHandler.js","statementMap":{"0":{"start":{"line":2,"column":1},"end":{"line":6,"column":4}}},"fnMap":{"0":{"name":"errorHandler","decl":{"start":{"line":1,"column":9},"end":{"line":1,"column":21}},"loc":{"start":{"line":1,"column":39},"end":{"line":7,"column":1}},"line":1}},"branchMap":{"0":{"loc":{"start":{"line":2,"column":19},"end":{"line":2,"column":38}},"type":"binary-expr","locations":[{"start":{"line":2,"column":19},"end":{"line":2,"column":31}},{"start":{"line":2,"column":35},"end":{"line":2,"column":38}}],"line":2},"1":{"loc":{"start":{"line":5,"column":9},"end":{"line":5,"column":57}},"type":"cond-expr","locations":[{"start":{"line":5,"column":43},"end":{"line":5,"column":52}},{"start":{"line":5,"column":55},"end":{"line":5,"column":57}}],"line":5}},"s":{"0":0},"f":{"0":0},"b":{"0":[0,0],"1":[0,0]},"_coverageSchema":"1a1c01bbd47fc00a2c39e90264f33305004495a9","hash":"658e544c8a04995c8ce57dd8b6bcf6e1394e2528"}
,"C:\\Users\\main\\Documents\\Programming\\Work and Job Projects\\Job Application Projects\\Unnshelled_Lead_Assignment\\backend\\src\\orders\\OrderService.js": {"path":"C:\\Users\\main\\Documents\\Programming\\Work and Job Projects\\Job Application Projects\\Unnshelled_Lead_Assignment\\backend\\src\\orders\\OrderService.js","statementMap":{"0":{"start":{"line":3,"column":11},"end":{"line":3,"column":18}},"1":{"start":{"line":6,"column":16},"end":{"line":6,"column":39}},"2":{"start":{"line":7,"column":22},"end":{"line":7,"column":53}},"3":{"start":{"line":8,"column":1},"end":{"line":8,"column":21}}},"fnMap":{"0":{"name":"deleteOrderById","decl":{"start":{"line":5,"column":22},"end":{"line":5,"column":37}},"loc":{"start":{"line":5,"column":52},"end":{"line":9,"column":1}},"line":5}},"branchMap":{"0":{"loc":{"start":{"line":5,"column":38},"end":{"line":5,"column":50}},"type":"default-arg","locations":[{"start":{"line":5,"column":48},"end":{"line":5,"column":50}}],"line":5}},"s":{"0":2,"1":0,"2":0,"3":0},"f":{"0":0},"b":{"0":[0]},"_coverageSchema":"1a1c01bbd47fc00a2c39e90264f33305004495a9","hash":"b4420efe916f64f32e781b73285e86f3d7e2e304"}
,"C:\\Users\\main\\Documents\\Programming\\Work and Job Projects\\Job Application Projects\\Unnshelled_Lead_Assignment\\backend\\src\\orders\\OrdersRouter.js": {"path":"C:\\Users\\main\\Documents\\Programming\\Work and Job Projects\\Job Application Projects\\Unnshelled_Lead_Assignment\\backend\\src\\orders\\OrdersRouter.js","statementMap":{"0":{"start":{"line":6,"column":15},"end":{"line":6,"column":31}},"1":{"start":{"line":8,"column":0},"end":{"line":34,"column":3}},"2":{"start":{"line":9,"column":1},"end":{"line":33,"column":2}},"3":{"start":{"line":10,"column":15},"end":{"line":10,"column":54}},"4":{"start":{"line":11,"column":13},"end":{"line":11,"column":20}},"5":{"start":{"line":12,"column":17},"end":{"line":12,"column":40}},"6":{"start":{"line":13,"column":16},"end":{"line":13,"column":53}},"7":{"start":{"line":14,"column":16},"end":{"line":14,"column":18}},"8":{"start":{"line":15,"column":17},"end":{"line":15,"column":35}},"9":{"start":{"line":16,"column":21},"end":{"line":16,"column":106}},"10":{"start":{"line":17,"column":31},"end":{"line":23,"column":5}},"11":{"start":{"line":17,"column":58},"end":{"line":23,"column":3}},"12":{"start":{"line":25,"column":2},"end":{"line":30,"column":5}},"13":{"start":{"line":32,"column":2},"end":{"line":32,"column":21}},"14":{"start":{"line":36,"column":0},"end":{"line":47,"column":3}},"15":{"start":{"line":37,"column":1},"end":{"line":46,"column":2}},"16":{"start":{"line":38,"column":18},"end":{"line":38,"column":31}},"17":{"start":{"line":39,"column":23},"end":{"line":39,"column":53}},"18":{"start":{"line":40,"column":2},"end":{"line":43,"column":5}},"19":{"start":{"line":45,"column":2},"end":{"line":45,"column":21}}},"fnMap":{"0":{"name":"(anonymous_0)","decl":{"start":{"line":8,"column":48},"end":{"line":8,"column":49}},"loc":{"start":{"line":8,"column":80},"end":{"line":34,"column":1}},"line":8},"1":{"name":"(anonymous_1)","decl":{"start":{"line":17,"column":46},"end":{"line":17,"column":47}},"loc":{"start":{"line":17,"column":58},"end":{"line":23,"column":3}},"line":17},"2":{"name":"(anonymous_2)","decl":{"start":{"line":36,"column":34},"end":{"line":36,"column":35}},"loc":{"start":{"line":36,"column":66},"end":{"line":47,"column":1}},"line":36}},"branchMap":{"0":{"loc":{"start":{"line":10,"column":15},"end":{"line":10,"column":54}},"type":"cond-expr","locations":[{"start":{"line":10,"column":36},"end":{"line":10,"column":50}},{"start":{"line":10,"column":53},"end":{"line":10,"column":54}}],"line":10}},"s":{"0":2,"1":2,"2":5,"3":5,"4":5,"5":5,"6":5,"7":5,"8":5,"9":5,"10":5,"11":41,"12":5,"13":0,"14":2,"15":0,"16":0,"17":0,"18":0,"19":0},"f":{"0":5,"1":41,"2":0},"b":{"0":[1,4]},"_coverageSchema":"1a1c01bbd47fc00a2c39e90264f33305004495a9","hash":"08e848a3ea16a9e2667baeb421d88321f806e76c"}
,"C:\\Users\\main\\Documents\\Programming\\Work and Job Projects\\Job Application Projects\\Unnshelled_Lead_Assignment\\backend\\src\\seller\\SellerNotFoundException.js": {"path":"C:\\Users\\main\\Documents\\Programming\\Work and Job Projects\\Job Application Projects\\Unnshelled_Lead_Assignment\\backend\\src\\seller\\SellerNotFoundException.js","statementMap":{"0":{"start":{"line":2,"column":13},"end":{"line":2,"column":42}},"1":{"start":{"line":3,"column":1},"end":{"line":3,"column":24}},"2":{"start":{"line":4,"column":1},"end":{"line":4,"column":13}}},"fnMap":{"0":{"name":"UserNotFoundException","decl":{"start":{"line":1,"column":24},"end":{"line":1,"column":45}},"loc":{"start":{"line":1,"column":48},"end":{"line":5,"column":1}},"line":1}},"branchMap":{},"s":{"0":1,"1":1,"2":1},"f":{"0":1},"b":{},"_coverageSchema":"1a1c01bbd47fc00a2c39e90264f33305004495a9","hash":"66aba346bfeab43aaacda9abccba9e43901f5f0d"}
,"C:\\Users\\main\\Documents\\Programming\\Work and Job Projects\\Job Application Projects\\Unnshelled_Lead_Assignment\\backend\\src\\seller\\SellerRouter.js": {"path":"C:\\Users\\main\\Documents\\Programming\\Work and Job Projects\\Job Application Projects\\Unnshelled_Lead_Assignment\\backend\\src\\seller\\SellerRouter.js","statementMap":{"0":{"start":{"line":5,"column":15},"end":{"line":5,"column":31}},"1":{"start":{"line":7,"column":0},"end":{"line":18,"column":3}},"2":{"start":{"line":8,"column":1},"end":{"line":17,"column":2}},"3":{"start":{"line":9,"column":24},"end":{"line":9,"column":49}},"4":{"start":{"line":10,"column":28},"end":{"line":10,"column":71}},"5":{"start":{"line":11,"column":2},"end":{"line":14,"column":5}},"6":{"start":{"line":16,"column":2},"end":{"line":16,"column":21}}},"fnMap":{"0":{"name":"(anonymous_0)","decl":{"start":{"line":7,"column":39},"end":{"line":7,"column":40}},"loc":{"start":{"line":7,"column":71},"end":{"line":18,"column":1}},"line":7}},"branchMap":{},"s":{"0":2,"1":2,"2":0,"3":0,"4":0,"5":0,"6":0},"f":{"0":0},"b":{},"_coverageSchema":"1a1c01bbd47fc00a2c39e90264f33305004495a9","hash":"9eaffc23810aa4fd73958a43c66a6fde4f897d3e"}
,"C:\\Users\\main\\Documents\\Programming\\Work and Job Projects\\Job Application Projects\\Unnshelled_Lead_Assignment\\backend\\src\\seller\\SellerService.js": {"path":"C:\\Users\\main\\Documents\\Programming\\Work and Job Projects\\Job Application Projects\\Unnshelled_Lead_Assignment\\backend\\src\\seller\\SellerService.js","statementMap":{"0":{"start":{"line":4,"column":12},"end":{"line":4,"column":19}},"1":{"start":{"line":6,"column":17},"end":{"line":6,"column":41}},"2":{"start":{"line":8,"column":16},"end":{"line":8,"column":39}},"3":{"start":{"line":9,"column":15},"end":{"line":14,"column":2}},"4":{"start":{"line":15,"column":18},"end":{"line":17,"column":3}},"5":{"start":{"line":18,"column":1},"end":{"line":18,"column":17}}},"fnMap":{"0":{"name":"updateSeller","decl":{"start":{"line":3,"column":30},"end":{"line":3,"column":42}},"loc":{"start":{"line":3,"column":66},"end":{"line":19,"column":1}},"line":3}},"branchMap":{},"s":{"0":0,"1":0,"2":0,"3":0,"4":0,"5":0},"f":{"0":0},"b":{},"_coverageSchema":"1a1c01bbd47fc00a2c39e90264f33305004495a9","hash":"221c8ec42bc2a838afa0f00a74d52da819f554c5"}
,"C:\\Users\\main\\Documents\\Programming\\Work and Job Projects\\Job Application Projects\\Unnshelled_Lead_Assignment\\backend\\src\\utils\\db.js": {"path":"C:\\Users\\main\\Documents\\Programming\\Work and Job Projects\\Job Application Projects\\Unnshelled_Lead_Assignment\\backend\\src\\utils\\db.js","statementMap":{"0":{"start":{"line":4,"column":17},"end":{"line":4,"column":43}},"1":{"start":{"line":6,"column":20},"end":{"line":9,"column":2}},"2":{"start":{"line":11,"column":22},"end":{"line":11,"column":44}},"3":{"start":{"line":15,"column":1},"end":{"line":15,"column":42}},"4":{"start":{"line":16,"column":1},"end":{"line":16,"column":29}},"5":{"start":{"line":18,"column":1},"end":{"line":21,"column":3}},"6":{"start":{"line":25,"column":1},"end":{"line":25,"column":11}}},"fnMap":{"0":{"name":"dbConnect","decl":{"start":{"line":14,"column":22},"end":{"line":14,"column":31}},"loc":{"start":{"line":14,"column":34},"end":{"line":22,"column":1}},"line":14},"1":{"name":"getDb","decl":{"start":{"line":24,"column":16},"end":{"line":24,"column":21}},"loc":{"start":{"line":24,"column":24},"end":{"line":26,"column":1}},"line":24}},"branchMap":{},"s":{"0":2,"1":2,"2":2,"3":2,"4":2,"5":2,"6":13},"f":{"0":2,"1":13},"b":{},"_coverageSchema":"1a1c01bbd47fc00a2c39e90264f33305004495a9","hash":"4d657789053c343deb9163f6a9334d89babd6287"}
}
