TN:
SF:src\app.js
FNF:0
FNH:0
DA:5,2
DA:7,2
DA:8,2
DA:9,2
DA:11,2
LF:5
LH:5
BRF:0
BRH:0
end_of_record
TN:
SF:src\auth\AuthException.js
FN:1,AuthException
FNF:1
FNH:1
FNDA:2,AuthException
DA:2,2
DA:3,2
DA:4,2
LF:3
LH:3
BRF:0
BRH:0
end_of_record
TN:
SF:src\auth\AuthService.js
FN:1,checkPassword
FNF:1
FNH:1
FNDA:5,checkPassword
DA:2,5
DA:3,0
DA:5,5
DA:6,0
DA:8,5
LF:5
LH:3
BRDA:2,0,0,0
BRDA:2,0,1,5
BRDA:2,1,0,5
BRDA:2,1,1,5
BRDA:5,2,0,0
BRDA:5,2,1,5
BRF:6
BRH:4
end_of_record
TN:
SF:src\middleware\authentication.js
FN:6,(anonymous_0)
FNF:1
FNH:1
FNDA:8,(anonymous_0)
DA:6,2
DA:7,8
DA:8,8
DA:9,8
DA:10,6
DA:11,6
DA:12,6
DA:13,6
DA:14,6
DA:15,6
DA:18,6
DA:19,1
DA:21,5
DA:22,5
DA:23,0
DA:25,5
DA:26,5
DA:28,2
DA:31,3
LF:19
LH:18
BRDA:9,0,0,6
BRDA:9,0,1,2
BRDA:18,1,0,1
BRDA:18,1,1,5
BRDA:22,2,0,0
BRDA:22,2,1,5
BRF:6
BRH:5
end_of_record
TN:
SF:src\middleware\errorHandler.js
FN:1,errorHandler
FNF:1
FNH:0
FNDA:0,errorHandler
DA:2,0
LF:1
LH:0
BRDA:2,0,0,0
BRDA:2,0,1,0
BRDA:5,1,0,0
BRDA:5,1,1,0
BRF:4
BRH:0
end_of_record
TN:
SF:src\orders\OrderService.js
FN:5,deleteOrderById
FNF:1
FNH:0
FNDA:0,deleteOrderById
DA:3,2
DA:6,0
DA:7,0
DA:8,0
LF:4
LH:1
BRDA:5,0,0,0
BRF:1
BRH:0
end_of_record
TN:
SF:src\orders\OrdersRouter.js
FN:8,(anonymous_0)
FN:17,(anonymous_1)
FN:36,(anonymous_2)
FNF:3
FNH:2
FNDA:5,(anonymous_0)
FNDA:41,(anonymous_1)
FNDA:0,(anonymous_2)
DA:6,2
DA:8,2
DA:9,5
DA:10,5
DA:11,5
DA:12,5
DA:13,5
DA:14,5
DA:15,5
DA:16,5
DA:17,41
DA:25,5
DA:32,0
DA:36,2
DA:37,0
DA:38,0
DA:39,0
DA:40,0
DA:45,0
LF:19
LH:13
BRDA:10,0,0,1
BRDA:10,0,1,4
BRF:2
BRH:2
end_of_record
TN:
SF:src\seller\SellerNotFoundException.js
FN:1,UserNotFoundException
FNF:1
FNH:1
FNDA:1,UserNotFoundException
DA:2,1
DA:3,1
DA:4,1
LF:3
LH:3
BRF:0
BRH:0
end_of_record
TN:
SF:src\seller\SellerRouter.js
FN:7,(anonymous_0)
FNF:1
FNH:0
FNDA:0,(anonymous_0)
DA:5,2
DA:7,2
DA:8,0
DA:9,0
DA:10,0
DA:11,0
DA:16,0
LF:7
LH:2
BRF:0
BRH:0
end_of_record
TN:
SF:src\seller\SellerService.js
FN:3,updateSeller
FNF:1
FNH:0
FNDA:0,updateSeller
DA:4,0
DA:6,0
DA:8,0
DA:9,0
DA:15,0
DA:18,0
LF:6
LH:0
BRF:0
BRH:0
end_of_record
TN:
SF:src\utils\db.js
FN:14,dbConnect
FN:24,getDb
FNF:2
FNH:2
FNDA:2,dbConnect
FNDA:13,getDb
DA:4,2
DA:6,2
DA:11,2
DA:15,2
DA:16,2
DA:18,2
DA:25,13
LF:7
LH:7
BRF:0
BRH:0
end_of_record
